<?xml version="1.0" encoding="utf-8"?><testsuites name="pytest tests"><testsuite name="pytest" errors="0" failures="0" skipped="0" tests="17" time="3.821" timestamp="2026-05-15T13:08:11.464198+00:00" hostname="agent-env-a6acad10-650a-43a1-a52f-0cf3eea57509"><testcase classname="backend.tests.test_attendance.TestAttendanceAuth" name="test_unauthenticated_401" time="0.256" /><testcase classname="backend.tests.test_attendance.TestAttendanceAuth" name="test_admin_forbidden" time="0.390" /><testcase classname="backend.tests.test_attendance.TestAttendanceAuth" name="test_admin_forbidden_get_day" time="0.050" /><testcase classname="backend.tests.test_attendance.TestSettings" name="test_defaults_for_new_teacher" time="0.599" /><testcase classname="backend.tests.test_attendance.TestSettings" name="test_patch_valid_hhmm" time="0.099" /><testcase classname="backend.tests.test_attendance.TestSettings" name="test_patch_invalid_format_rejected" time="0.050" /><testcase classname="backend.tests.test_attendance.TestSettings" name="test_student_order_persisted" time="0.344" /><testcase classname="backend.tests.test_attendance.TestBootstrap" name="test_empty_students_no_crash" time="0.637" /><testcase classname="backend.tests.test_attendance.TestBootstrap" name="test_first_open_bootstraps_present" time="0.149" /><testcase classname="backend.tests.test_attendance.TestStatusMutations" name="test_set_absent_clears_arrival" time="0.101" /><testcase classname="backend.tests.test_attendance.TestStatusMutations" name="test_absent_to_present_auto_promotes_to_late" time="0.147" /><testcase classname="backend.tests.test_attendance.TestStatusMutations" name="test_early_leave_stamps_departure" time="0.097" /><testcase classname="backend.tests.test_attendance.TestStatusMutations" name="test_present_pure_clears_stamps" time="0.147" /><testcase classname="backend.tests.test_attendance.TestStatusMutations" name="test_preserves_excused_and_note" time="0.142" /><testcase classname="backend.tests.test_attendance.TestStatusMutations" name="test_unknown_student_404" time="0.117" /><testcase classname="backend.tests.test_attendance.TestStatusMutations" name="test_bad_date_format_422" time="0.091" /><testcase classname="backend.tests.test_attendance.TestMarkAllPresent" name="test_resets_everyone" time="0.208" /></testsuite></testsuites>