<?xml version="1.0" encoding="utf-8"?><testsuites name="pytest tests"><testsuite name="pytest" errors="0" failures="0" skipped="0" tests="16" time="5.730" timestamp="2026-05-15T18:53:27.762362+00:00" hostname="agent-env-a6acad10-650a-43a1-a52f-0cf3eea57509"><testcase classname="backend.tests.test_backup.TestAuthGuard" name="test_unauth_list" time="0.334" /><testcase classname="backend.tests.test_backup.TestAuthGuard" name="test_teacher_forbidden" time="0.646" /><testcase classname="backend.tests.test_backup.TestSettings" name="test_get_default" time="0.534" /><testcase classname="backend.tests.test_backup.TestSettings" name="test_patch_valid" time="0.540" /><testcase classname="backend.tests.test_backup.TestSettings" name="test_patch_invalid" time="0.124" /><testcase classname="backend.tests.test_backup.TestCreateList" name="test_create_manual" time="0.131" /><testcase classname="backend.tests.test_backup.TestCreateList" name="test_list_excludes_data" time="1.139" /><testcase classname="backend.tests.test_backup.TestCreateList" name="test_download_includes_data_and_header" time="0.139" /><testcase classname="backend.tests.test_backup.TestRestore" name="test_restore_requires_confirm" time="0.117" /><testcase classname="backend.tests.test_backup.TestRestore" name="test_restore_invalid_id" time="0.120" /><testcase classname="backend.tests.test_backup.TestRestore" name="test_restore_creates_safety" time="0.129" /><testcase classname="backend.tests.test_backup.TestImport" name="test_import_full_snapshot" time="0.252" /><testcase classname="backend.tests.test_backup.TestImport" name="test_import_malformed" time="0.125" /><testcase classname="backend.tests.test_backup.TestLog" name="test_log_shape" time="0.110" /><testcase classname="backend.tests.test_backup.TestDelete" name="test_cannot_delete_last" time="0.665" /><testcase classname="backend.tests.test_backup.TestDelete" name="test_delete_when_multiple" time="0.344" /></testsuite></testsuites>