<?xml version="1.0" encoding="utf-8"?><testsuites name="pytest tests"><testsuite name="pytest" errors="0" failures="0" skipped="0" tests="21" time="7.974" timestamp="2026-05-14T15:14:44.462004+00:00" hostname="agent-env-a6acad10-650a-43a1-a52f-0cf3eea57509"><testcase classname="backend.tests.test_full_stack.TestAuth" name="test_admin_login_ok" time="0.464" /><testcase classname="backend.tests.test_full_stack.TestAuth" name="test_admin_login_wrong_password" time="0.286" /><testcase classname="backend.tests.test_full_stack.TestAuth" name="test_unknown_user_returns_401" time="0.063" /><testcase classname="backend.tests.test_full_stack.TestAuth" name="test_me_with_token" time="0.340" /><testcase classname="backend.tests.test_full_stack.TestAuth" name="test_me_without_token" time="0.187" /><testcase classname="backend.tests.test_full_stack.TestTeachersAdmin" name="test_create_and_duplicate" time="0.407" /><testcase classname="backend.tests.test_full_stack.TestTeachersAdmin" name="test_list_requires_admin" time="0.620" /><testcase classname="backend.tests.test_full_stack.TestTeachersAdmin" name="test_patch_empty_password_keeps_hash" time="0.353" /><testcase classname="backend.tests.test_full_stack.TestTeachersAdmin" name="test_patch_nonempty_password_updates" time="1.134" /><testcase classname="backend.tests.test_full_stack.TestTeachersAdmin" name="test_reset_password" time="0.839" /><testcase classname="backend.tests.test_full_stack.TestTeachersAdmin" name="test_disabled_teacher_cannot_login" time="0.406" /><testcase classname="backend.tests.test_full_stack.TestTeachersAdmin" name="test_delete_teacher_cascades" time="0.773" /><testcase classname="backend.tests.test_full_stack.TestTeacherScope" name="test_teacher_cannot_access_admin_teachers" time="0.060" /><testcase classname="backend.tests.test_full_stack.TestTeacherScope" name="test_subjects_crud_teacher_scope" time="0.212" /><testcase classname="backend.tests.test_full_stack.TestTeacherScope" name="test_subjects_isolation_between_teachers" time="0.770" /><testcase classname="backend.tests.test_full_stack.TestTeacherScope" name="test_students_with_unlimited_parents" time="0.179" /><testcase classname="backend.tests.test_full_stack.TestTeacherScope" name="test_admin_cannot_access_teacher_endpoints" time="0.055" /><testcase classname="backend.tests.test_full_stack.TestPreview" name="test_preview_returns_teacher_token_with_admin_actor" time="0.230" /><testcase classname="backend.tests.test_full_stack.TestPreview" name="test_preview_requires_admin" time="0.053" /><testcase classname="backend.tests.test_full_stack.TestSettings" name="test_get_settings_any_auth" time="0.112" /><testcase classname="backend.tests.test_full_stack.TestSettings" name="test_put_settings_admin_only" time="0.215" /></testsuite></testsuites>