<?xml version="1.0" encoding="utf-8"?><testsuites name="pytest tests"><testsuite name="pytest" errors="0" failures="0" skipped="0" tests="13" time="3.329" timestamp="2026-05-15T14:15:59.915546+00:00" hostname="agent-env-a6acad10-650a-43a1-a52f-0cf3eea57509"><testcase classname="backend.tests.test_reports.TestReportsAuth" name="test_unauth_profile_401" time="1.221" /><testcase classname="backend.tests.test_reports.TestReportsAuth" name="test_admin_profile_403" time="0.063" /><testcase classname="backend.tests.test_reports.TestReportsAuth" name="test_unknown_student_404" time="0.073" /><testcase classname="backend.tests.test_reports.TestReportsAuth" name="test_class_attendance_admin_403" time="0.066" /><testcase classname="backend.tests.test_reports.TestStudentProfile" name="test_profile_payload_shape" time="0.071" /><testcase classname="backend.tests.test_reports.TestStudentAttendanceReport" name="test_default_range_returns_iso_strings" time="0.083" /><testcase classname="backend.tests.test_reports.TestStudentAttendanceReport" name="test_custom_range_filters_records" time="0.180" /><testcase classname="backend.tests.test_reports.TestSmartStatus" name="test_urgent_when_5_absences" time="0.428" /><testcase classname="backend.tests.test_reports.TestSmartStatus" name="test_watch_when_5_lates" time="0.439" /><testcase classname="backend.tests.test_reports.TestSmartStatus" name="test_watch_when_3_early_leaves" time="0.304" /><testcase classname="backend.tests.test_reports.TestSmartStatus" name="test_stable_default" time="0.128" /><testcase classname="backend.tests.test_reports.TestClassAttendance" name="test_shape_and_iso_dates" time="0.062" /><testcase classname="backend.tests.test_reports.TestClassAttendance" name="test_custom_date_range" time="0.118" /></testsuite></testsuites>